Unsupposrted library path: /home/herobrine1st/Git/WarpDrive/build/resources/api
Symbol range map extraction starting
Processing 449 files
startProcessing "cr0s/warpdrive/BreathingManager.java" md5: af5d38e1dfce8c2bbd2a28dfc4c5ee1b
endProcessing "cr0s/warpdrive/BreathingManager.java"

startProcessing "cr0s/warpdrive/CommonProxy.java" md5: cc40365e564b7ce3cd76fdbc4694b817
endProcessing "cr0s/warpdrive/CommonProxy.java"

startProcessing "cr0s/warpdrive/Commons.java" md5: 862a43bf63b467af1e7dbf07b8539dac
endProcessing "cr0s/warpdrive/Commons.java"

startProcessing "cr0s/warpdrive/FastSetBlockState.java" md5: 5ef8be8fc5052ca200d48ac843d0786e
endProcessing "cr0s/warpdrive/FastSetBlockState.java"

startProcessing "cr0s/warpdrive/LocalProfiler.java" md5: c749e241586ec6588788bcc75f18122f
endProcessing "cr0s/warpdrive/LocalProfiler.java"

startProcessing "cr0s/warpdrive/LoggerPrintStream.java" md5: b6cae6b07bbadba120bee0cdaf28d8bc
endProcessing "cr0s/warpdrive/LoggerPrintStream.java"

startProcessing "cr0s/warpdrive/WarpDrive.java" md5: c51b0f0c2dc79136abf2fe12ca2497eb
endProcessing "cr0s/warpdrive/WarpDrive.java"

startProcessing "cr0s/warpdrive/WarpDrivePeripheralHandler.java" md5: 6017690235fbf92053b8e1257e054155
endProcessing "cr0s/warpdrive/WarpDrivePeripheralHandler.java"

startProcessing "cr0s/warpdrive/api/EventWarpDrive.java" md5: d5cd6eac813d1a8f03ca9e8155f83893
endProcessing "cr0s/warpdrive/api/EventWarpDrive.java"

startProcessing "cr0s/warpdrive/api/ExceptionChunkNotLoaded.java" md5: 997f566dc3d8445aea75a80f3c4fb359
endProcessing "cr0s/warpdrive/api/ExceptionChunkNotLoaded.java"

startProcessing "cr0s/warpdrive/api/FunctionGet.java" md5: 4b45c7c52a50780f2b7708ae4a1ab169
endProcessing "cr0s/warpdrive/api/FunctionGet.java"

startProcessing "cr0s/warpdrive/api/FunctionSetVector.java" md5: 6d3fb18d8703b25861320ddcbb11a792
endProcessing "cr0s/warpdrive/api/FunctionSetVector.java"

startProcessing "cr0s/warpdrive/api/IAirContainerItem.java" md5: e2af0664178c0eda4fa4987c4ce37e74
endProcessing "cr0s/warpdrive/api/IAirContainerItem.java"

startProcessing "cr0s/warpdrive/api/IBeamFrequency.java" md5: 1c0f6378ff634b8dbbe76c21f7bdc1aa
endProcessing "cr0s/warpdrive/api/IBeamFrequency.java"

startProcessing "cr0s/warpdrive/api/IBlockBase.java" md5: 9fc9ebcb289bbb0849435e244400012e
endProcessing "cr0s/warpdrive/api/IBlockBase.java"

startProcessing "cr0s/warpdrive/api/IBlockTransformer.java" md5: 7dd2efc5b7f8676bee5f5aa82808625d
endProcessing "cr0s/warpdrive/api/IBlockTransformer.java"

startProcessing "cr0s/warpdrive/api/IBlockUpdateDetector.java" md5: a0c6b8826ee8187308d2d145b6d299ce
endProcessing "cr0s/warpdrive/api/IBlockUpdateDetector.java"

startProcessing "cr0s/warpdrive/api/IBreathingHelmet.java" md5: 2ea95ed4678ec01120d5bf966340e003
endProcessing "cr0s/warpdrive/api/IBreathingHelmet.java"

startProcessing "cr0s/warpdrive/api/ICelestialObject.java" md5: d0fe251fa0da201652348168ace0f4df
endProcessing "cr0s/warpdrive/api/ICelestialObject.java"

startProcessing "cr0s/warpdrive/api/IControlChannel.java" md5: 06ca20133eebdb72d21ff0724bac6312
endProcessing "cr0s/warpdrive/api/IControlChannel.java"

startProcessing "cr0s/warpdrive/api/IDamageReceiver.java" md5: b6a2e63e98a62a59730decbc7676e564
endProcessing "cr0s/warpdrive/api/IDamageReceiver.java"

startProcessing "cr0s/warpdrive/api/IEntityTransformer.java" md5: 40cc9fe454225bbd9eb74f33fdd11caa
endProcessing "cr0s/warpdrive/api/IEntityTransformer.java"

startProcessing "cr0s/warpdrive/api/IForceFieldShape.java" md5: 58b0709086fae88854bd9963eafc9268
endProcessing "cr0s/warpdrive/api/IForceFieldShape.java"

startProcessing "cr0s/warpdrive/api/IForceFieldUpgrade.java" md5: a767f911995ed9819ba6ba09aa4a1faf
endProcessing "cr0s/warpdrive/api/IForceFieldUpgrade.java"

startProcessing "cr0s/warpdrive/api/IForceFieldUpgradeEffector.java" md5: 762fec26c625506c0cc6ee0a87b5dfee
endProcessing "cr0s/warpdrive/api/IForceFieldUpgradeEffector.java"

startProcessing "cr0s/warpdrive/api/IGlobalRegionProvider.java" md5: 9ed185df9429e839a4513563f59b3646
endProcessing "cr0s/warpdrive/api/IGlobalRegionProvider.java"

startProcessing "cr0s/warpdrive/api/IItemBase.java" md5: c91ca9cc46f63dcb1270af373d9130e1
endProcessing "cr0s/warpdrive/api/IItemBase.java"

startProcessing "cr0s/warpdrive/api/IItemTransporterBeacon.java" md5: 780df9b431734469180021b314dfece4
endProcessing "cr0s/warpdrive/api/IItemTransporterBeacon.java"

startProcessing "cr0s/warpdrive/api/IMyBakedModel.java" md5: 807b2d84ed7b7b4e8892790866b93aa6
endProcessing "cr0s/warpdrive/api/IMyBakedModel.java"

startProcessing "cr0s/warpdrive/api/IParticleContainerItem.java" md5: 0fe7572c0adfcea2e121ecc923e3d2ec
endProcessing "cr0s/warpdrive/api/IParticleContainerItem.java"

startProcessing "cr0s/warpdrive/api/ISequencerCallbacks.java" md5: 5be7cf1be42f7326a9997a21d8b2b945
endProcessing "cr0s/warpdrive/api/ISequencerCallbacks.java"

startProcessing "cr0s/warpdrive/api/ITransformation.java" md5: ce0eac82cfb51db779b625f0ac887de2
endProcessing "cr0s/warpdrive/api/ITransformation.java"

startProcessing "cr0s/warpdrive/api/IVideoChannel.java" md5: 6d27c2d9531a53217ef3830ecc89cd13
endProcessing "cr0s/warpdrive/api/IVideoChannel.java"

startProcessing "cr0s/warpdrive/api/IWarpTool.java" md5: 169a8cc4f69a945ce4ddbc176e123f5a
endProcessing "cr0s/warpdrive/api/IWarpTool.java"

startProcessing "cr0s/warpdrive/api/IXmlRepresentable.java" md5: 2fe88848ced198a80f5517ffb83bb47e
endProcessing "cr0s/warpdrive/api/IXmlRepresentable.java"

startProcessing "cr0s/warpdrive/api/IXmlRepresentableUnit.java" md5: 7ee6a07164f37a49b71384501b48324c
endProcessing "cr0s/warpdrive/api/IXmlRepresentableUnit.java"

startProcessing "cr0s/warpdrive/api/Particle.java" md5: e0305dca53024761e2e51c3a508ace1e
endProcessing "cr0s/warpdrive/api/Particle.java"

startProcessing "cr0s/warpdrive/api/ParticleRegistry.java" md5: df3fee6116094ee2ffaab31794255201
endProcessing "cr0s/warpdrive/api/ParticleRegistry.java"

startProcessing "cr0s/warpdrive/api/ParticleStack.java" md5: e2075edb917e7bc5e94b7f5d3d192d06
endProcessing "cr0s/warpdrive/api/ParticleStack.java"

startProcessing "cr0s/warpdrive/api/WarpDriveText.java" md5: 2e8065d1ff5cbb476f75cd5b7f52b3f0
endProcessing "cr0s/warpdrive/api/WarpDriveText.java"

startProcessing "cr0s/warpdrive/api/computer/IAbstractLaser.java" md5: 986670f1d4cbcb1fdfeba938d8288b84
endProcessing "cr0s/warpdrive/api/computer/IAbstractLaser.java"

startProcessing "cr0s/warpdrive/api/computer/ICoreSignature.java" md5: c1069dd780662376650f48b0f4479c06
endProcessing "cr0s/warpdrive/api/computer/ICoreSignature.java"

startProcessing "cr0s/warpdrive/api/computer/IEnanReactorController.java" md5: 8b3f3e17da6718f1e9964def85cc6f68
endProcessing "cr0s/warpdrive/api/computer/IEnanReactorController.java"

startProcessing "cr0s/warpdrive/api/computer/IEnanReactorLaser.java" md5: 7c37dc0b8ade04a5f1856e129f446ed5
endProcessing "cr0s/warpdrive/api/computer/IEnanReactorLaser.java"

startProcessing "cr0s/warpdrive/api/computer/IEnergyBase.java" md5: 232e0b801bc417e3727caca58f8ac761
endProcessing "cr0s/warpdrive/api/computer/IEnergyBase.java"

startProcessing "cr0s/warpdrive/api/computer/IEnergyConsumer.java" md5: fd89a4cdb1e89c4e658816f865a37a82
endProcessing "cr0s/warpdrive/api/computer/IEnergyConsumer.java"

startProcessing "cr0s/warpdrive/api/computer/IInterfaced.java" md5: 92eb618acfd3fae061f1fe1e8a94faf2
endProcessing "cr0s/warpdrive/api/computer/IInterfaced.java"

startProcessing "cr0s/warpdrive/api/computer/ILift.java" md5: 579582dc72fe82492e339ff36f8fa607
endProcessing "cr0s/warpdrive/api/computer/ILift.java"

startProcessing "cr0s/warpdrive/api/computer/IMachine.java" md5: 4d7b8041ca351e413939ecca1d1444e3
endProcessing "cr0s/warpdrive/api/computer/IMachine.java"

startProcessing "cr0s/warpdrive/api/computer/IMultiBlock.java" md5: a489d98e89f07433aed0ccf6ae3aa860
endProcessing "cr0s/warpdrive/api/computer/IMultiBlock.java"

startProcessing "cr0s/warpdrive/api/computer/IMultiBlockCore.java" md5: 93c18c5f66ac52b86033f8b5cebe786c
endProcessing "cr0s/warpdrive/api/computer/IMultiBlockCore.java"

startProcessing "cr0s/warpdrive/api/computer/IMultiBlockCoreOrController.java" md5: 1840c2cfa20e1186dde555b13eae0a8b
endProcessing "cr0s/warpdrive/api/computer/IMultiBlockCoreOrController.java"

startProcessing "cr0s/warpdrive/api/computer/ISecurityStation.java" md5: d5f6c3a66e4d7c4e8b99c083a9d454d6
endProcessing "cr0s/warpdrive/api/computer/ISecurityStation.java"

startProcessing "cr0s/warpdrive/api/computer/IShipController.java" md5: b602fe8d48d9acb1166d176398e1be0a
endProcessing "cr0s/warpdrive/api/computer/IShipController.java"

startProcessing "cr0s/warpdrive/api/computer/ITransporterBeacon.java" md5: 7fa66a91dc55268ff5cc7b1c6eef427e
endProcessing "cr0s/warpdrive/api/computer/ITransporterBeacon.java"

startProcessing "cr0s/warpdrive/api/computer/ITransporterCore.java" md5: 5a3e5c17085a073cc3560296d74ff865
endProcessing "cr0s/warpdrive/api/computer/ITransporterCore.java"

startProcessing "cr0s/warpdrive/block/BlockAbstractBase.java" md5: 4443f7406699b2b35938925d1619daed
endProcessing "cr0s/warpdrive/block/BlockAbstractBase.java"

startProcessing "cr0s/warpdrive/block/BlockAbstractContainer.java" md5: 79f514f6cdca9dc61be6b630d48f927c
endProcessing "cr0s/warpdrive/block/BlockAbstractContainer.java"

startProcessing "cr0s/warpdrive/block/BlockAbstractOmnipanel.java" md5: e3301e8dcba2becb212573e7bfe502cd
endProcessing "cr0s/warpdrive/block/BlockAbstractOmnipanel.java"

startProcessing "cr0s/warpdrive/block/BlockAbstractRotatingContainer.java" md5: b4ac85194cc31f163139d2a278fd40a7
endProcessing "cr0s/warpdrive/block/BlockAbstractRotatingContainer.java"

startProcessing "cr0s/warpdrive/block/BlockChunkLoader.java" md5: 8489b099c4f103b459cf05a70e5ba6e5
endProcessing "cr0s/warpdrive/block/BlockChunkLoader.java"

startProcessing "cr0s/warpdrive/block/BlockLaser.java" md5: a119d72b8cf70f161ccacf18416ce025
endProcessing "cr0s/warpdrive/block/BlockLaser.java"

startProcessing "cr0s/warpdrive/block/BlockLaserMedium.java" md5: 2c5a9d7f67fc67a676b8b9a424029219
endProcessing "cr0s/warpdrive/block/BlockLaserMedium.java"

startProcessing "cr0s/warpdrive/block/BlockSecurityStation.java" md5: a19488e9dc3b522578bd9f2c9e782554
endProcessing "cr0s/warpdrive/block/BlockSecurityStation.java"

startProcessing "cr0s/warpdrive/block/ItemBlockAbstractBase.java" md5: d66465194d5ba0b9669da2137a4490d4
endProcessing "cr0s/warpdrive/block/ItemBlockAbstractBase.java"

startProcessing "cr0s/warpdrive/block/TileEntityAbstractBase.java" md5: 62accefe967786b27f6ee0562000cdc7
endProcessing "cr0s/warpdrive/block/TileEntityAbstractBase.java"

startProcessing "cr0s/warpdrive/block/TileEntityAbstractChunkLoading.java" md5: 6a96f5cb8c0b22a84cc24c7efc8eb4af
endProcessing "cr0s/warpdrive/block/TileEntityAbstractChunkLoading.java"

startProcessing "cr0s/warpdrive/block/TileEntityAbstractEnergy.java" md5: a1e6ea285ae129fce8abab6de3f9b864
endProcessing "cr0s/warpdrive/block/TileEntityAbstractEnergy.java"

startProcessing "cr0s/warpdrive/block/TileEntityAbstractEnergyBase.java" md5: d2fe4d3288d90437e46ee8e151782491
endProcessing "cr0s/warpdrive/block/TileEntityAbstractEnergyBase.java"

startProcessing "cr0s/warpdrive/block/TileEntityAbstractEnergyConsumer.java" md5: 79907940e80a9f0d8b9b388dc48b5f35
endProcessing "cr0s/warpdrive/block/TileEntityAbstractEnergyConsumer.java"

startProcessing "cr0s/warpdrive/block/TileEntityAbstractEnergyCoreOrController.java" md5: d23debde11e951311df9727688769dd9
endProcessing "cr0s/warpdrive/block/TileEntityAbstractEnergyCoreOrController.java"

startProcessing "cr0s/warpdrive/block/TileEntityAbstractInterfaced.java" md5: 01e7d969293eba125db3b1c346fc0f83
endProcessing "cr0s/warpdrive/block/TileEntityAbstractInterfaced.java"

startProcessing "cr0s/warpdrive/block/TileEntityAbstractLaser.java" md5: 40af233f66151c957d29380dd86a5c25
endProcessing "cr0s/warpdrive/block/TileEntityAbstractLaser.java"

startProcessing "cr0s/warpdrive/block/TileEntityAbstractMachine.java" md5: b0c3a28dbf58d2606d16cc51d5900a1b
endProcessing "cr0s/warpdrive/block/TileEntityAbstractMachine.java"

startProcessing "cr0s/warpdrive/block/TileEntityChunkLoader.java" md5: 860d11b706e314719d789ef1450000c3
endProcessing "cr0s/warpdrive/block/TileEntityChunkLoader.java"

startProcessing "cr0s/warpdrive/block/TileEntityLaser.java" md5: 6771eacef12a1876dbc53317664a358e
endProcessing "cr0s/warpdrive/block/TileEntityLaser.java"

startProcessing "cr0s/warpdrive/block/TileEntityLaserMedium.java" md5: 44a9f74208aeb48d0bd13fd4c7c11a53
endProcessing "cr0s/warpdrive/block/TileEntityLaserMedium.java"

startProcessing "cr0s/warpdrive/block/TileEntitySecurityStation.java" md5: b5cc9e0e31ac22c12dfa5019968d9d54
endProcessing "cr0s/warpdrive/block/TileEntitySecurityStation.java"

startProcessing "cr0s/warpdrive/block/atomic/BlockAbstractAccelerator.java" md5: 409785e1e4d381a1ba6858960ef401b0
endProcessing "cr0s/warpdrive/block/atomic/BlockAbstractAccelerator.java"

startProcessing "cr0s/warpdrive/block/atomic/BlockAcceleratorControlPoint.java" md5: 97291dc5958d6e8faf3267ee4f7944ad
endProcessing "cr0s/warpdrive/block/atomic/BlockAcceleratorControlPoint.java"

startProcessing "cr0s/warpdrive/block/atomic/BlockAcceleratorCore.java" md5: 2c6c0e2ca02d35c9db5986ee9d3c3155
endProcessing "cr0s/warpdrive/block/atomic/BlockAcceleratorCore.java"

startProcessing "cr0s/warpdrive/block/atomic/BlockChiller.java" md5: d65643032e1bcd40fc48c737cafc4e8a
endProcessing "cr0s/warpdrive/block/atomic/BlockChiller.java"

startProcessing "cr0s/warpdrive/block/atomic/BlockElectromagnetGlass.java" md5: d64d1798adff462dc133c1499dd6126f
endProcessing "cr0s/warpdrive/block/atomic/BlockElectromagnetGlass.java"

startProcessing "cr0s/warpdrive/block/atomic/BlockElectromagnetPlain.java" md5: 8d8282576ae6f46c980fe7d981e49a0f
endProcessing "cr0s/warpdrive/block/atomic/BlockElectromagnetPlain.java"

startProcessing "cr0s/warpdrive/block/atomic/BlockParticlesCollider.java" md5: d5939691750a7afee8e21d75d624ad84
endProcessing "cr0s/warpdrive/block/atomic/BlockParticlesCollider.java"

startProcessing "cr0s/warpdrive/block/atomic/BlockParticlesInjector.java" md5: c5e836e653df10592303c33ece72ab76
endProcessing "cr0s/warpdrive/block/atomic/BlockParticlesInjector.java"

startProcessing "cr0s/warpdrive/block/atomic/BlockVoidShellGlass.java" md5: 88fe7596c9fd0ae28016695f16693b81
endProcessing "cr0s/warpdrive/block/atomic/BlockVoidShellGlass.java"

startProcessing "cr0s/warpdrive/block/atomic/BlockVoidShellPlain.java" md5: 92a053219bc572ce4ffd9d65f98c5b4e
endProcessing "cr0s/warpdrive/block/atomic/BlockVoidShellPlain.java"

startProcessing "cr0s/warpdrive/block/atomic/TileEntityAcceleratorControlPoint.java" md5: d2f685b959f90986a171fee5647f00cf
endProcessing "cr0s/warpdrive/block/atomic/TileEntityAcceleratorControlPoint.java"

startProcessing "cr0s/warpdrive/block/atomic/TileEntityAcceleratorCore.java" md5: 966ccf21cc015dbfaf34d5304353242b
endProcessing "cr0s/warpdrive/block/atomic/TileEntityAcceleratorCore.java"

startProcessing "cr0s/warpdrive/block/atomic/TileEntityParticlesInjector.java" md5: 5efe855fa16bf14b05a2de61ad814ee8
endProcessing "cr0s/warpdrive/block/atomic/TileEntityParticlesInjector.java"

startProcessing "cr0s/warpdrive/block/breathing/BlockAbstractAir.java" md5: b46ed2b34f469331beb50dd4be44bb89
endProcessing "cr0s/warpdrive/block/breathing/BlockAbstractAir.java"

startProcessing "cr0s/warpdrive/block/breathing/BlockAirFlow.java" md5: 973cbaaedda36149c8b42c1ac85041b4
endProcessing "cr0s/warpdrive/block/breathing/BlockAirFlow.java"

startProcessing "cr0s/warpdrive/block/breathing/BlockAirGeneratorTiered.java" md5: 0abb7d5760aefa1f8f5a578b8ecd8b24
endProcessing "cr0s/warpdrive/block/breathing/BlockAirGeneratorTiered.java"

startProcessing "cr0s/warpdrive/block/breathing/BlockAirShield.java" md5: 7853895a1226c8e5475e5bdd3dd7c474
endProcessing "cr0s/warpdrive/block/breathing/BlockAirShield.java"

startProcessing "cr0s/warpdrive/block/breathing/BlockAirSource.java" md5: 822e20f433c1cbbc737602e106676955
endProcessing "cr0s/warpdrive/block/breathing/BlockAirSource.java"

startProcessing "cr0s/warpdrive/block/breathing/BlockColorAirShield.java" md5: e8f4332d911a84b241ac5436e56b20fc
endProcessing "cr0s/warpdrive/block/breathing/BlockColorAirShield.java"

startProcessing "cr0s/warpdrive/block/breathing/TileEntityAirGeneratorTiered.java" md5: e87c05d82ccc464381fa230259ec311e
endProcessing "cr0s/warpdrive/block/breathing/TileEntityAirGeneratorTiered.java"

startProcessing "cr0s/warpdrive/block/building/BlockShipScanner.java" md5: 0610136cf40b7e24755437ff1e644a79
endProcessing "cr0s/warpdrive/block/building/BlockShipScanner.java"

startProcessing "cr0s/warpdrive/block/building/TileEntityShipScanner.java" md5: bde942dac08fbdfdc1fa29eb0968b0f5
endProcessing "cr0s/warpdrive/block/building/TileEntityShipScanner.java"

startProcessing "cr0s/warpdrive/block/collection/BlockLaserTreeFarm.java" md5: f83361553b9879aeaf26ba02fbc8c058
endProcessing "cr0s/warpdrive/block/collection/BlockLaserTreeFarm.java"

startProcessing "cr0s/warpdrive/block/collection/BlockMiningLaser.java" md5: 700608dbdb02f6b79ad3df1be80d9b60
endProcessing "cr0s/warpdrive/block/collection/BlockMiningLaser.java"

startProcessing "cr0s/warpdrive/block/collection/TileEntityAbstractMiner.java" md5: fd278faaa029804554cb7ac7b6536fb6
endProcessing "cr0s/warpdrive/block/collection/TileEntityAbstractMiner.java"

startProcessing "cr0s/warpdrive/block/collection/TileEntityLaserTreeFarm.java" md5: 4f087510f3a7fdf90720ee6b30479c54
endProcessing "cr0s/warpdrive/block/collection/TileEntityLaserTreeFarm.java"

startProcessing "cr0s/warpdrive/block/collection/TileEntityMiningLaser.java" md5: 8344230ece14a171d7779aa4002671c4
endProcessing "cr0s/warpdrive/block/collection/TileEntityMiningLaser.java"

startProcessing "cr0s/warpdrive/block/decoration/BlockAbstractLamp.java" md5: 967f2e2792f04287e6055117ab014d97
endProcessing "cr0s/warpdrive/block/decoration/BlockAbstractLamp.java"

startProcessing "cr0s/warpdrive/block/decoration/BlockBedrockGlass.java" md5: ff18ab7debcb0a4512fe1754579c1ce0
endProcessing "cr0s/warpdrive/block/decoration/BlockBedrockGlass.java"

startProcessing "cr0s/warpdrive/block/decoration/BlockDecorative.java" md5: a5be83fd1257da14de25d32413a854b0
endProcessing "cr0s/warpdrive/block/decoration/BlockDecorative.java"

startProcessing "cr0s/warpdrive/block/decoration/BlockGas.java" md5: 82bba352e0fbd93b63925d952e9b330c
endProcessing "cr0s/warpdrive/block/decoration/BlockGas.java"

startProcessing "cr0s/warpdrive/block/decoration/BlockLamp_bubble.java" md5: 445603b2dcf9b74e8b0bab973a224eb8
endProcessing "cr0s/warpdrive/block/decoration/BlockLamp_bubble.java"

startProcessing "cr0s/warpdrive/block/decoration/BlockLamp_flat.java" md5: 139df999156e86f4ed28be6a7c8baf86
endProcessing "cr0s/warpdrive/block/decoration/BlockLamp_flat.java"

startProcessing "cr0s/warpdrive/block/decoration/BlockLamp_long.java" md5: 20efb0fc94cab28bbf8384bf10d023bf
endProcessing "cr0s/warpdrive/block/decoration/BlockLamp_long.java"

startProcessing "cr0s/warpdrive/block/decoration/ItemBlockDecorative.java" md5: 1fab2f2fceb46a72985d6982c1dadff9
endProcessing "cr0s/warpdrive/block/decoration/ItemBlockDecorative.java"

startProcessing "cr0s/warpdrive/block/decoration/ItemBlockLamp.java" md5: a5c0ebebf4881fadf63f947111f22cf3
endProcessing "cr0s/warpdrive/block/decoration/ItemBlockLamp.java"

startProcessing "cr0s/warpdrive/block/detection/BlockBiometricScanner.java" md5: 1407d97b3a8ab569ac75398b50c2f957
endProcessing "cr0s/warpdrive/block/detection/BlockBiometricScanner.java"

startProcessing "cr0s/warpdrive/block/detection/BlockCamera.java" md5: 3df84a495164b38ae083b5d1e02632e7
endProcessing "cr0s/warpdrive/block/detection/BlockCamera.java"

startProcessing "cr0s/warpdrive/block/detection/BlockCloakingCoil.java" md5: c786e77a66d4e759ee151bca06e592d7
endProcessing "cr0s/warpdrive/block/detection/BlockCloakingCoil.java"

startProcessing "cr0s/warpdrive/block/detection/BlockCloakingCore.java" md5: 28edd401c6687d027a7e4fa7135ec77a
endProcessing "cr0s/warpdrive/block/detection/BlockCloakingCore.java"

startProcessing "cr0s/warpdrive/block/detection/BlockEnvironmentalSensor.java" md5: e82e8a2994c8b16c8e0a3ef44559e909
endProcessing "cr0s/warpdrive/block/detection/BlockEnvironmentalSensor.java"

startProcessing "cr0s/warpdrive/block/detection/BlockMonitor.java" md5: d49be1d0e21441f28f906127dff102d6
endProcessing "cr0s/warpdrive/block/detection/BlockMonitor.java"

startProcessing "cr0s/warpdrive/block/detection/BlockRadar.java" md5: 88b02546d3bb8aba0e734bdefda9df91
endProcessing "cr0s/warpdrive/block/detection/BlockRadar.java"

startProcessing "cr0s/warpdrive/block/detection/BlockSiren.java" md5: 0c55090705eed07658b27627b140afa8
endProcessing "cr0s/warpdrive/block/detection/BlockSiren.java"

startProcessing "cr0s/warpdrive/block/detection/BlockSpeaker.java" md5: 33e2fab53b7d9b901762335dfd82c164
endProcessing "cr0s/warpdrive/block/detection/BlockSpeaker.java"

startProcessing "cr0s/warpdrive/block/detection/BlockVirtualAssistant.java" md5: 938b0ec4c7d1dd415ce02a0aada252cd
endProcessing "cr0s/warpdrive/block/detection/BlockVirtualAssistant.java"

startProcessing "cr0s/warpdrive/block/detection/BlockWarpIsolation.java" md5: a3790c74659e07cf2b4d639ac354e816
endProcessing "cr0s/warpdrive/block/detection/BlockWarpIsolation.java"

startProcessing "cr0s/warpdrive/block/detection/TileEntityBiometricScanner.java" md5: b488791e46f6fd9c98ac49fc233f0879
endProcessing "cr0s/warpdrive/block/detection/TileEntityBiometricScanner.java"

startProcessing "cr0s/warpdrive/block/detection/TileEntityCamera.java" md5: 501be019864e335e32c369e31b9ad17b
endProcessing "cr0s/warpdrive/block/detection/TileEntityCamera.java"

startProcessing "cr0s/warpdrive/block/detection/TileEntityCloakingCore.java" md5: d7f31e6c29dd9ef368915288de9c7cb7
endProcessing "cr0s/warpdrive/block/detection/TileEntityCloakingCore.java"

startProcessing "cr0s/warpdrive/block/detection/TileEntityEnvironmentalSensor.java" md5: edcbc67409487334e7feb73060aaddb1
endProcessing "cr0s/warpdrive/block/detection/TileEntityEnvironmentalSensor.java"

startProcessing "cr0s/warpdrive/block/detection/TileEntityMonitor.java" md5: 795eb6086fec8e9258d780dc8e70ff3f
endProcessing "cr0s/warpdrive/block/detection/TileEntityMonitor.java"

startProcessing "cr0s/warpdrive/block/detection/TileEntityRadar.java" md5: fc07bc8625cb37bcafa7c31452667dde
endProcessing "cr0s/warpdrive/block/detection/TileEntityRadar.java"

startProcessing "cr0s/warpdrive/block/detection/TileEntitySiren.java" md5: 4382a15a074ba39cc3d86fa0491f703d
endProcessing "cr0s/warpdrive/block/detection/TileEntitySiren.java"

startProcessing "cr0s/warpdrive/block/detection/TileEntitySpeaker.java" md5: d6cabcf2f7932b650eabb25a832c4c9d
endProcessing "cr0s/warpdrive/block/detection/TileEntitySpeaker.java"

startProcessing "cr0s/warpdrive/block/detection/TileEntityVirtualAssistant.java" md5: 8df32ce43f3e18f34b0e8a0221efc38b
endProcessing "cr0s/warpdrive/block/detection/TileEntityVirtualAssistant.java"

startProcessing "cr0s/warpdrive/block/energy/BlockCapacitor.java" md5: 89c3645932fb50a6644b201d8a2fb064
endProcessing "cr0s/warpdrive/block/energy/BlockCapacitor.java"

startProcessing "cr0s/warpdrive/block/energy/BlockEnanReactorController.java" md5: 24183166f7cfe93abf5a105d6c831784
endProcessing "cr0s/warpdrive/block/energy/BlockEnanReactorController.java"

startProcessing "cr0s/warpdrive/block/energy/BlockEnanReactorCore.java" md5: a1ea65568edecf9cc0ddb9f6cc415059
endProcessing "cr0s/warpdrive/block/energy/BlockEnanReactorCore.java"

startProcessing "cr0s/warpdrive/block/energy/BlockEnanReactorLaser.java" md5: 3a0011ea9e24aa044ed51ef0d8fa47f7
endProcessing "cr0s/warpdrive/block/energy/BlockEnanReactorLaser.java"

startProcessing "cr0s/warpdrive/block/energy/BlockIC2reactorLaserCooler.java" md5: 2b386cf8b8e89599d7f54736eeb75ee6
endProcessing "cr0s/warpdrive/block/energy/BlockIC2reactorLaserCooler.java"

startProcessing "cr0s/warpdrive/block/energy/ItemBlockCapacitor.java" md5: 66cc332b9f88070b77ae53afdd2745bb
endProcessing "cr0s/warpdrive/block/energy/ItemBlockCapacitor.java"

startProcessing "cr0s/warpdrive/block/energy/TileEntityCapacitor.java" md5: be11b2a1f132fafa3dfe504ea5effc8b
endProcessing "cr0s/warpdrive/block/energy/TileEntityCapacitor.java"

startProcessing "cr0s/warpdrive/block/energy/TileEntityEnanReactorController.java" md5: 8341d7f97c8ebe1748d2baf4d7f9109f
endProcessing "cr0s/warpdrive/block/energy/TileEntityEnanReactorController.java"

startProcessing "cr0s/warpdrive/block/energy/TileEntityEnanReactorCore.java" md5: c7f1dd4598a79191707e4404175a98f8
endProcessing "cr0s/warpdrive/block/energy/TileEntityEnanReactorCore.java"

startProcessing "cr0s/warpdrive/block/energy/TileEntityEnanReactorLaser.java" md5: b048e906131a75d8ac6ecf97fd20edfa
endProcessing "cr0s/warpdrive/block/energy/TileEntityEnanReactorLaser.java"

startProcessing "cr0s/warpdrive/block/energy/TileEntityIC2reactorLaserMonitor.java" md5: 770b8260dc51f02e1af8b37af7de3b1e
endProcessing "cr0s/warpdrive/block/energy/TileEntityIC2reactorLaserMonitor.java"

startProcessing "cr0s/warpdrive/block/forcefield/BlockAbstractForceField.java" md5: 23b3b4472523d80b1c92f5f44ae89903
endProcessing "cr0s/warpdrive/block/forcefield/BlockAbstractForceField.java"

startProcessing "cr0s/warpdrive/block/forcefield/BlockForceField.java" md5: c553cf48221c0e04438707358cd937e4
endProcessing "cr0s/warpdrive/block/forcefield/BlockForceField.java"

startProcessing "cr0s/warpdrive/block/forcefield/BlockForceFieldProjector.java" md5: b0e498d7306233c3131372eb1cdebd94
endProcessing "cr0s/warpdrive/block/forcefield/BlockForceFieldProjector.java"

startProcessing "cr0s/warpdrive/block/forcefield/BlockForceFieldRelay.java" md5: 74a4ad8632972a69aab3b884adbcec51
endProcessing "cr0s/warpdrive/block/forcefield/BlockForceFieldRelay.java"

startProcessing "cr0s/warpdrive/block/forcefield/ItemBlockForceFieldProjector.java" md5: 4705043d4a8ab6272197c7194ae60b37
endProcessing "cr0s/warpdrive/block/forcefield/ItemBlockForceFieldProjector.java"

startProcessing "cr0s/warpdrive/block/forcefield/ItemBlockForceFieldRelay.java" md5: c1efb3caf2ce1f18201c02ceeac9fc3a
endProcessing "cr0s/warpdrive/block/forcefield/ItemBlockForceFieldRelay.java"

startProcessing "cr0s/warpdrive/block/forcefield/TileEntityAbstractForceField.java" md5: 5dd5d4b9dfa9a956028c615f946ad4fc
endProcessing "cr0s/warpdrive/block/forcefield/TileEntityAbstractForceField.java"

startProcessing "cr0s/warpdrive/block/forcefield/TileEntityForceField.java" md5: 841dd9af81fc135a8501de5bd85ead0b
endProcessing "cr0s/warpdrive/block/forcefield/TileEntityForceField.java"

startProcessing "cr0s/warpdrive/block/forcefield/TileEntityForceFieldProjector.java" md5: b12c7e7e7538381379da66b8f0ac64ad
endProcessing "cr0s/warpdrive/block/forcefield/TileEntityForceFieldProjector.java"

startProcessing "cr0s/warpdrive/block/forcefield/TileEntityForceFieldRelay.java" md5: 8bef753ee64f10ab2902905bf61bb7b8
endProcessing "cr0s/warpdrive/block/forcefield/TileEntityForceFieldRelay.java"

startProcessing "cr0s/warpdrive/block/hull/BlockHullGlass.java" md5: 1a662869cd96b7c2371bc532e0d66944
endProcessing "cr0s/warpdrive/block/hull/BlockHullGlass.java"

startProcessing "cr0s/warpdrive/block/hull/BlockHullOmnipanel.java" md5: 534d091875aca2bd8662d843a10d296a
endProcessing "cr0s/warpdrive/block/hull/BlockHullOmnipanel.java"

startProcessing "cr0s/warpdrive/block/hull/BlockHullPlain.java" md5: af7f0b2ab539cd8b65842ebcf8e02516
endProcessing "cr0s/warpdrive/block/hull/BlockHullPlain.java"

startProcessing "cr0s/warpdrive/block/hull/BlockHullSlab.java" md5: 3c3f8ba1559fae877eba4d6d44ef3e74
endProcessing "cr0s/warpdrive/block/hull/BlockHullSlab.java"

startProcessing "cr0s/warpdrive/block/hull/BlockHullStairs.java" md5: 16774235179ad9c0e0dc3e07fb3eb6ab
endProcessing "cr0s/warpdrive/block/hull/BlockHullStairs.java"

startProcessing "cr0s/warpdrive/block/hull/ItemBlockHull.java" md5: 95c89bcc6c766b8d4ca4f800ebe53e2b
endProcessing "cr0s/warpdrive/block/hull/ItemBlockHull.java"

startProcessing "cr0s/warpdrive/block/hull/ItemBlockHullSlab.java" md5: 1775ade5de79e52b2f7761882ea08333
endProcessing "cr0s/warpdrive/block/hull/ItemBlockHullSlab.java"

startProcessing "cr0s/warpdrive/block/movement/BlockJumpGateCore.java" md5: 4e245b719b4ca04eb8599a658df11361
endProcessing "cr0s/warpdrive/block/movement/BlockJumpGateCore.java"

startProcessing "cr0s/warpdrive/block/movement/BlockLift.java" md5: fd0c6a94dd97b9b210d5725bf9aa7c29
endProcessing "cr0s/warpdrive/block/movement/BlockLift.java"

startProcessing "cr0s/warpdrive/block/movement/BlockShipController.java" md5: 2060aa18889237de538788f9c427df9b
endProcessing "cr0s/warpdrive/block/movement/BlockShipController.java"

startProcessing "cr0s/warpdrive/block/movement/BlockShipCore.java" md5: 36a6be6b1efccf8a7702d5374dc3b2be
endProcessing "cr0s/warpdrive/block/movement/BlockShipCore.java"

startProcessing "cr0s/warpdrive/block/movement/BlockTransporterBeacon.java" md5: cc0c09a4435519852045b95a2b4276fb
endProcessing "cr0s/warpdrive/block/movement/BlockTransporterBeacon.java"

startProcessing "cr0s/warpdrive/block/movement/BlockTransporterContainment.java" md5: 7622b5adc28bfe2919a9a7bda46834f9
endProcessing "cr0s/warpdrive/block/movement/BlockTransporterContainment.java"

startProcessing "cr0s/warpdrive/block/movement/BlockTransporterCore.java" md5: 4e4fe6b99119366f6f0a7461935759cc
endProcessing "cr0s/warpdrive/block/movement/BlockTransporterCore.java"

startProcessing "cr0s/warpdrive/block/movement/BlockTransporterScanner.java" md5: 6629b02da5cc5fe12276edc6cc650e60
endProcessing "cr0s/warpdrive/block/movement/BlockTransporterScanner.java"

startProcessing "cr0s/warpdrive/block/movement/ItemBlockController.java" md5: ffd91c772b0de09ead05fff4a472b819
endProcessing "cr0s/warpdrive/block/movement/ItemBlockController.java"

startProcessing "cr0s/warpdrive/block/movement/ItemBlockTransporterBeacon.java" md5: ea75cfe5853324b299fde06fedb59f89
endProcessing "cr0s/warpdrive/block/movement/ItemBlockTransporterBeacon.java"

startProcessing "cr0s/warpdrive/block/movement/JumpGateScanner.java" md5: 7ef8887339939c928478456ce61608ee
endProcessing "cr0s/warpdrive/block/movement/JumpGateScanner.java"

startProcessing "cr0s/warpdrive/block/movement/ShipScanner.java" md5: 0b4668523d962c4fa5842f761c0e8930
endProcessing "cr0s/warpdrive/block/movement/ShipScanner.java"

startProcessing "cr0s/warpdrive/block/movement/TileEntityAbstractShipController.java" md5: 6541356e512babed3742f15242011f71
endProcessing "cr0s/warpdrive/block/movement/TileEntityAbstractShipController.java"

startProcessing "cr0s/warpdrive/block/movement/TileEntityJumpGateCore.java" md5: 93d13ccf73e639c8318f41ada2c2e9e8
endProcessing "cr0s/warpdrive/block/movement/TileEntityJumpGateCore.java"

startProcessing "cr0s/warpdrive/block/movement/TileEntityLift.java" md5: ecd0a09e88dd9c3316eec96cfafdc011
endProcessing "cr0s/warpdrive/block/movement/TileEntityLift.java"

startProcessing "cr0s/warpdrive/block/movement/TileEntityShipController.java" md5: c61e40753c8bb2bd760a8cf182ec15e0
endProcessing "cr0s/warpdrive/block/movement/TileEntityShipController.java"

startProcessing "cr0s/warpdrive/block/movement/TileEntityShipCore.java" md5: 03d4fa9d2c49ef403b2906826a4064f4
endProcessing "cr0s/warpdrive/block/movement/TileEntityShipCore.java"

startProcessing "cr0s/warpdrive/block/movement/TileEntityTransporterBeacon.java" md5: 706ac6ba1287e352afe94239f3ef671e
endProcessing "cr0s/warpdrive/block/movement/TileEntityTransporterBeacon.java"

startProcessing "cr0s/warpdrive/block/movement/TileEntityTransporterCore.java" md5: 1b9a63312176d73fa210bd59b7c9168e
endProcessing "cr0s/warpdrive/block/movement/TileEntityTransporterCore.java"

startProcessing "cr0s/warpdrive/block/passive/BlockHighlyAdvancedMachine.java" md5: f858551d6aa61e22a1efa02ec2719a95
endProcessing "cr0s/warpdrive/block/passive/BlockHighlyAdvancedMachine.java"

startProcessing "cr0s/warpdrive/block/passive/BlockIridium.java" md5: 8ff6902a15e9a46f7408ec1dd4211404
endProcessing "cr0s/warpdrive/block/passive/BlockIridium.java"

startProcessing "cr0s/warpdrive/block/weapon/BlockLaserCamera.java" md5: f19d79ef7d54a2e19a24664e2c564740
endProcessing "cr0s/warpdrive/block/weapon/BlockLaserCamera.java"

startProcessing "cr0s/warpdrive/block/weapon/BlockWeaponController.java" md5: d0a74c288dd4679e7c5a811b6d587ff2
endProcessing "cr0s/warpdrive/block/weapon/BlockWeaponController.java"

startProcessing "cr0s/warpdrive/block/weapon/TileEntityLaserCamera.java" md5: df799dca752c991d483f4f713da049c6
endProcessing "cr0s/warpdrive/block/weapon/TileEntityLaserCamera.java"

startProcessing "cr0s/warpdrive/block/weapon/TileEntityWeaponController.java" md5: 43c7647729c025b1d49ea470bfc847b2
endProcessing "cr0s/warpdrive/block/weapon/TileEntityWeaponController.java"

startProcessing "cr0s/warpdrive/client/ClientProxy.java" md5: 8105595011ecc6a18066cf2f7d973839
endProcessing "cr0s/warpdrive/client/ClientProxy.java"

startProcessing "cr0s/warpdrive/client/CreativeTabAbstractBase.java" md5: 851ceaf655f4a6de7ef6f4fc04515e59
endProcessing "cr0s/warpdrive/client/CreativeTabAbstractBase.java"

startProcessing "cr0s/warpdrive/client/CreativeTabHull.java" md5: b96f4ff1c0329180ca1b9ae66b988d7a
endProcessing "cr0s/warpdrive/client/CreativeTabHull.java"

startProcessing "cr0s/warpdrive/client/CreativeTabMain.java" md5: 059b38531282cd6be1ec89d873140656
endProcessing "cr0s/warpdrive/client/CreativeTabMain.java"

startProcessing "cr0s/warpdrive/client/PlayerTextureManager.java" md5: 774177a6a7ea377a621c5c0a04e7ebbd
endProcessing "cr0s/warpdrive/client/PlayerTextureManager.java"

startProcessing "cr0s/warpdrive/client/SirenSound.java" md5: 596e4dc6b3480ab05837a66351095fbb
endProcessing "cr0s/warpdrive/client/SirenSound.java"

startProcessing "cr0s/warpdrive/client/SpriteManager.java" md5: ba4fd3233037d524681dd59be70d3e10
endProcessing "cr0s/warpdrive/client/SpriteManager.java"

startProcessing "cr0s/warpdrive/command/AbstractCommand.java" md5: 2d28b5857d268ae850028cafca161034
endProcessing "cr0s/warpdrive/command/AbstractCommand.java"

startProcessing "cr0s/warpdrive/command/CommandBed.java" md5: 91cbc4bd716d0b665a16f9f84ecb830f
endProcessing "cr0s/warpdrive/command/CommandBed.java"

startProcessing "cr0s/warpdrive/command/CommandDebug.java" md5: cd89a319d124eaf295b5b04c8890440c
endProcessing "cr0s/warpdrive/command/CommandDebug.java"

startProcessing "cr0s/warpdrive/command/CommandDump.java" md5: 191ef51f9ea2c3e6e21c45080d4ca745
endProcessing "cr0s/warpdrive/command/CommandDump.java"

startProcessing "cr0s/warpdrive/command/CommandEntity.java" md5: 2e5edc823cbe524c9f35031335168c63
endProcessing "cr0s/warpdrive/command/CommandEntity.java"

startProcessing "cr0s/warpdrive/command/CommandFind.java" md5: 463ab95d5a578929ef8fc1f4317c576c
endProcessing "cr0s/warpdrive/command/CommandFind.java"

startProcessing "cr0s/warpdrive/command/CommandGenerate.java" md5: a1de66a5dc0c8434362c7208827ec553
endProcessing "cr0s/warpdrive/command/CommandGenerate.java"

startProcessing "cr0s/warpdrive/command/CommandInvisible.java" md5: 0f776ca54a9f4abe3c976f8cf7ceb553
endProcessing "cr0s/warpdrive/command/CommandInvisible.java"

startProcessing "cr0s/warpdrive/command/CommandNPC.java" md5: 007c3284c75a68e002d0ae6046267c35
endProcessing "cr0s/warpdrive/command/CommandNPC.java"

startProcessing "cr0s/warpdrive/command/CommandReload.java" md5: 495fcb1de9fd49e129e61fae866618cb
endProcessing "cr0s/warpdrive/command/CommandReload.java"

startProcessing "cr0s/warpdrive/command/CommandRender.java" md5: e77de399ffe26eccc462f6b20418e13f
endProcessing "cr0s/warpdrive/command/CommandRender.java"

startProcessing "cr0s/warpdrive/command/CommandSpace.java" md5: 61b726724d7cc84a7e0a3ce00178dd83
endProcessing "cr0s/warpdrive/command/CommandSpace.java"

startProcessing "cr0s/warpdrive/compat/CompatActuallyAdditions.java" md5: 9388b3df71d4b81d4cfd02d659566222
endProcessing "cr0s/warpdrive/compat/CompatActuallyAdditions.java"

startProcessing "cr0s/warpdrive/compat/CompatAdvancedRepulsionSystems.java" md5: e7f2628566c9ca9ef96651ea0f8f02c9
endProcessing "cr0s/warpdrive/compat/CompatAdvancedRepulsionSystems.java"

startProcessing "cr0s/warpdrive/compat/CompatAppliedEnergistics2.java" md5: 251894805eff97e8e241da9135de1b41
endProcessing "cr0s/warpdrive/compat/CompatAppliedEnergistics2.java"

startProcessing "cr0s/warpdrive/compat/CompatArsMagica2.java" md5: b5103e71f8167b017d475c196b8dd37c
endProcessing "cr0s/warpdrive/compat/CompatArsMagica2.java"

startProcessing "cr0s/warpdrive/compat/CompatBiblioCraft.java" md5: 7da38c54c20ee4691e7db186970db277
endProcessing "cr0s/warpdrive/compat/CompatBiblioCraft.java"

startProcessing "cr0s/warpdrive/compat/CompatBlockcraftery.java" md5: 172fa6d793017a0caecb8afcc3a6b5d0
endProcessing "cr0s/warpdrive/compat/CompatBlockcraftery.java"

startProcessing "cr0s/warpdrive/compat/CompatBotania.java" md5: 35ed232a25b7c0dc183f571d7bc92ea9
endProcessing "cr0s/warpdrive/compat/CompatBotania.java"

startProcessing "cr0s/warpdrive/compat/CompatBuildCraft.java" md5: bbf9bfe22535876c42cd2b419bebec81
endProcessing "cr0s/warpdrive/compat/CompatBuildCraft.java"

startProcessing "cr0s/warpdrive/compat/CompatCarpentersBlocks.java" md5: a44cbf84e0db4d66ab110f1891ff5cb2
endProcessing "cr0s/warpdrive/compat/CompatCarpentersBlocks.java"

startProcessing "cr0s/warpdrive/compat/CompatComputerCraft.java" md5: e2627277dab1ace90b62f608cd9703df
endProcessing "cr0s/warpdrive/compat/CompatComputerCraft.java"

startProcessing "cr0s/warpdrive/compat/CompatCustomNPCs.java" md5: 7d11f6095c8b003b04aff0581c8bcefb
endProcessing "cr0s/warpdrive/compat/CompatCustomNPCs.java"

startProcessing "cr0s/warpdrive/compat/CompatDecocraft.java" md5: e5dcd0c43647ab23aa749237941cb7e2
endProcessing "cr0s/warpdrive/compat/CompatDecocraft.java"

startProcessing "cr0s/warpdrive/compat/CompatDeepResonance.java" md5: 0e0f1cfb645c6da32c705db26f66aa3e
endProcessing "cr0s/warpdrive/compat/CompatDeepResonance.java"

startProcessing "cr0s/warpdrive/compat/CompatDraconicEvolution.java" md5: 9a23e4c9f1ba845440d8ed4142d40084
endProcessing "cr0s/warpdrive/compat/CompatDraconicEvolution.java"

startProcessing "cr0s/warpdrive/compat/CompatEmbers.java" md5: a288538e82790afe53a6a70f226663a9
endProcessing "cr0s/warpdrive/compat/CompatEmbers.java"

startProcessing "cr0s/warpdrive/compat/CompatEnderIO.java" md5: ff6eaf21919546497e9b72c726c9b41d
endProcessing "cr0s/warpdrive/compat/CompatEnderIO.java"

startProcessing "cr0s/warpdrive/compat/CompatEnvironmentalTech.java" md5: e046739e47c97954ead96cfc55733cc0
endProcessing "cr0s/warpdrive/compat/CompatEnvironmentalTech.java"

startProcessing "cr0s/warpdrive/compat/CompatEvilCraft.java" md5: c5445dd9031b1650ed4f8d649bf20993
endProcessing "cr0s/warpdrive/compat/CompatEvilCraft.java"

startProcessing "cr0s/warpdrive/compat/CompatExtraUtilities2.java" md5: b89f2b0fe482636a1a08eb9f0e7865b5
endProcessing "cr0s/warpdrive/compat/CompatExtraUtilities2.java"

startProcessing "cr0s/warpdrive/compat/CompatForgeMultipart.java" md5: a7563ee1d420540d19020e43df9bbcf3
endProcessing "cr0s/warpdrive/compat/CompatForgeMultipart.java"

startProcessing "cr0s/warpdrive/compat/CompatGalacticraft.java" md5: 6c2fd818719b2702bd5bf1977ec05054
endProcessing "cr0s/warpdrive/compat/CompatGalacticraft.java"

startProcessing "cr0s/warpdrive/compat/CompatGregTech.java" md5: 22f6780b90d3653bbb4ccf38c95add75
endProcessing "cr0s/warpdrive/compat/CompatGregTech.java"

startProcessing "cr0s/warpdrive/compat/CompatImmersiveEngineering.java" md5: 5562f441cb1b506422c4689eaf62bf3b
endProcessing "cr0s/warpdrive/compat/CompatImmersiveEngineering.java"

startProcessing "cr0s/warpdrive/compat/CompatIndustrialCraft2.java" md5: 1a16fa780499738fc3d25babcb0c5302
endProcessing "cr0s/warpdrive/compat/CompatIndustrialCraft2.java"

startProcessing "cr0s/warpdrive/compat/CompatIndustrialForegoing.java" md5: 473f4b2a620e969fb1a3c6a7d8cc5c7a
endProcessing "cr0s/warpdrive/compat/CompatIndustrialForegoing.java"

startProcessing "cr0s/warpdrive/compat/CompatIronChest.java" md5: 5acc899cc81d192ee0eb318605750453
endProcessing "cr0s/warpdrive/compat/CompatIronChest.java"

startProcessing "cr0s/warpdrive/compat/CompatMatterOverdrive.java" md5: d76be83ddb12e85a5070db5f67c498b6
endProcessing "cr0s/warpdrive/compat/CompatMatterOverdrive.java"

startProcessing "cr0s/warpdrive/compat/CompatMekanism.java" md5: e539bccf0866428eb2d59744c82f9efd
endProcessing "cr0s/warpdrive/compat/CompatMekanism.java"

startProcessing "cr0s/warpdrive/compat/CompatMetalChests.java" md5: 40bd989b959c70dee415d2878bbafa46
endProcessing "cr0s/warpdrive/compat/CompatMetalChests.java"

startProcessing "cr0s/warpdrive/compat/CompatMysticalAgriculture.java" md5: 769c29a35a7d45194184cabb1f5b879e
endProcessing "cr0s/warpdrive/compat/CompatMysticalAgriculture.java"

startProcessing "cr0s/warpdrive/compat/CompatNatura.java" md5: 8f3815ee89d8eacd3eaf463d7406c9a6
endProcessing "cr0s/warpdrive/compat/CompatNatura.java"

startProcessing "cr0s/warpdrive/compat/CompatOpenComputers.java" md5: ffbbf187d67619b27968fd3a4f022748
endProcessing "cr0s/warpdrive/compat/CompatOpenComputers.java"

startProcessing "cr0s/warpdrive/compat/CompatParziStarWars.java" md5: 7bb7fb4e53f3d30833887c4055f14533
endProcessing "cr0s/warpdrive/compat/CompatParziStarWars.java"

startProcessing "cr0s/warpdrive/compat/CompatPneumaticCraft.java" md5: 7ec1fa8e21b403d44a9e0279ca56a5b7
endProcessing "cr0s/warpdrive/compat/CompatPneumaticCraft.java"

startProcessing "cr0s/warpdrive/compat/CompatRealFilingCabinet.java" md5: c9ca6a1527bd733cfe190254e33586a1
endProcessing "cr0s/warpdrive/compat/CompatRealFilingCabinet.java"

startProcessing "cr0s/warpdrive/compat/CompatRedstonePaste.java" md5: 717404da02d1d78258f93b806fbfe8be
endProcessing "cr0s/warpdrive/compat/CompatRedstonePaste.java"

startProcessing "cr0s/warpdrive/compat/CompatRefinedStorage.java" md5: 8738e4ed578ff589edfb72c41a82692e
endProcessing "cr0s/warpdrive/compat/CompatRefinedStorage.java"

startProcessing "cr0s/warpdrive/compat/CompatRoots.java" md5: 85e24e1c10e25a0fc69876e09aae7dd8
endProcessing "cr0s/warpdrive/compat/CompatRoots.java"

startProcessing "cr0s/warpdrive/compat/CompatRustic.java" md5: cc65398303f51c0092bd8f692c8775a3
endProcessing "cr0s/warpdrive/compat/CompatRustic.java"

startProcessing "cr0s/warpdrive/compat/CompatSGCraft.java" md5: bebe2cc2813c3741dac59c3e0b769289
endProcessing "cr0s/warpdrive/compat/CompatSGCraft.java"

startProcessing "cr0s/warpdrive/compat/CompatStorageDrawers.java" md5: 72853b18e99079da2e376e62dff003a5
endProcessing "cr0s/warpdrive/compat/CompatStorageDrawers.java"

startProcessing "cr0s/warpdrive/compat/CompatTConstruct.java" md5: ec2052ca295f6574cd6d7e840f322c11
endProcessing "cr0s/warpdrive/compat/CompatTConstruct.java"

startProcessing "cr0s/warpdrive/compat/CompatTechguns.java" md5: 9d6b324e4f521a7873ccdc8ea183063e
endProcessing "cr0s/warpdrive/compat/CompatTechguns.java"

startProcessing "cr0s/warpdrive/compat/CompatThaumcraft.java" md5: 0f7c4a7553660aaea07819902dbd6d1b
endProcessing "cr0s/warpdrive/compat/CompatThaumcraft.java"

startProcessing "cr0s/warpdrive/compat/CompatThermalDynamics.java" md5: 447d8dce911a857390dd7e58878c5a3d
endProcessing "cr0s/warpdrive/compat/CompatThermalDynamics.java"

startProcessing "cr0s/warpdrive/compat/CompatThermalExpansion.java" md5: 59379e722bc4c3187320d972e7396c19
endProcessing "cr0s/warpdrive/compat/CompatThermalExpansion.java"

startProcessing "cr0s/warpdrive/compat/CompatUndergroundBiomes.java" md5: 8bcde849cd5d7f0e787b310031448025
endProcessing "cr0s/warpdrive/compat/CompatUndergroundBiomes.java"

startProcessing "cr0s/warpdrive/compat/CompatVariedCommodities.java" md5: 1cbc0483597d86a0bdaf0f484c8f373c
endProcessing "cr0s/warpdrive/compat/CompatVariedCommodities.java"

startProcessing "cr0s/warpdrive/compat/CompatWarpDrive.java" md5: 7f7f27fe85eb1569a194de7aa6ab6672
endProcessing "cr0s/warpdrive/compat/CompatWarpDrive.java"

startProcessing "cr0s/warpdrive/compat/CompatWoot.java" md5: a58446f8f9aa5024066f84f6bb6b93cb
endProcessing "cr0s/warpdrive/compat/CompatWoot.java"

startProcessing "cr0s/warpdrive/config/Dictionary.java" md5: 2f4073195900cbf492d296fe8a54b5ba
endProcessing "cr0s/warpdrive/config/Dictionary.java"

startProcessing "cr0s/warpdrive/config/Filler.java" md5: 08f4d0f8fb74e6e8b9ac0c678b49f3a7
endProcessing "cr0s/warpdrive/config/Filler.java"

startProcessing "cr0s/warpdrive/config/GenericSet.java" md5: 5fd49f5f152b948b56b750ac25261d6b
endProcessing "cr0s/warpdrive/config/GenericSet.java"

startProcessing "cr0s/warpdrive/config/GenericSetManager.java" md5: d7cb9d7ca620328c92d651e0b02415d7
endProcessing "cr0s/warpdrive/config/GenericSetManager.java"

startProcessing "cr0s/warpdrive/config/InvalidXmlException.java" md5: 46258fd305498674ce3de0ee0663bea0
endProcessing "cr0s/warpdrive/config/InvalidXmlException.java"

startProcessing "cr0s/warpdrive/config/Loot.java" md5: 2e84c2b2d4ef8a3dbc7e0f6ae8fd4b30
endProcessing "cr0s/warpdrive/config/Loot.java"

startProcessing "cr0s/warpdrive/config/RandomCollection.java" md5: 02893e462ae7d4bbf36d3ff12b1d0baf
endProcessing "cr0s/warpdrive/config/RandomCollection.java"

startProcessing "cr0s/warpdrive/config/RecipeParticleShapedOre.java" md5: df8b9e4a483528722a4b166c905acb83
endProcessing "cr0s/warpdrive/config/RecipeParticleShapedOre.java"

startProcessing "cr0s/warpdrive/config/RecipeTuningDriver.java" md5: d665848839b13481bc379cc7f14c182e
endProcessing "cr0s/warpdrive/config/RecipeTuningDriver.java"

startProcessing "cr0s/warpdrive/config/Recipes.java" md5: c5c5609dc895775dc5dc8cbad42d3750
endProcessing "cr0s/warpdrive/config/Recipes.java"

startProcessing "cr0s/warpdrive/config/ShipMovementCosts.java" md5: 59a01e120a4022e59d89ac356bbb8e44
endProcessing "cr0s/warpdrive/config/ShipMovementCosts.java"

startProcessing "cr0s/warpdrive/config/WarpDriveConfig.java" md5: 54cdce84a36b70b6376a1e4de164e25c
endProcessing "cr0s/warpdrive/config/WarpDriveConfig.java"

startProcessing "cr0s/warpdrive/config/WarpDriveDataFixer.java" md5: da81c989e09bde072c2e3d34485dc856
endProcessing "cr0s/warpdrive/config/WarpDriveDataFixer.java"

startProcessing "cr0s/warpdrive/config/XmlFileManager.java" md5: ae14fd5f4f8570dec8e3ead35055a5ae
endProcessing "cr0s/warpdrive/config/XmlFileManager.java"

startProcessing "cr0s/warpdrive/config/XmlPreprocessor.java" md5: dc88ec4c487e2a3d67c282bff5a87049
endProcessing "cr0s/warpdrive/config/XmlPreprocessor.java"

startProcessing "cr0s/warpdrive/config/XmlRandomCollection.java" md5: 7ad3c36627c746cd41643568f9594e14
endProcessing "cr0s/warpdrive/config/XmlRandomCollection.java"

startProcessing "cr0s/warpdrive/config/structures/AbstractStructure.java" md5: 3e326a65737003189efc95c474aaf0f8
endProcessing "cr0s/warpdrive/config/structures/AbstractStructure.java"

startProcessing "cr0s/warpdrive/config/structures/AbstractStructureInstance.java" md5: c5e6da13bc7a8b9ee7c66b411a6f61f7
endProcessing "cr0s/warpdrive/config/structures/AbstractStructureInstance.java"

startProcessing "cr0s/warpdrive/config/structures/AsteroidField.java" md5: bfce00337d2cb1c344f7ea71e36d8c50
endProcessing "cr0s/warpdrive/config/structures/AsteroidField.java"

startProcessing "cr0s/warpdrive/config/structures/AsteroidFieldInstance.java" md5: 1833892ead20e5fd0cd43057b0427e1a
endProcessing "cr0s/warpdrive/config/structures/AsteroidFieldInstance.java"

startProcessing "cr0s/warpdrive/config/structures/MetaOrb.java" md5: 00dcbc3bba1562f76cd78b09696d758b
endProcessing "cr0s/warpdrive/config/structures/MetaOrb.java"

startProcessing "cr0s/warpdrive/config/structures/MetaOrbInstance.java" md5: e6920338d63edfefff774d9ee17f7ed1
endProcessing "cr0s/warpdrive/config/structures/MetaOrbInstance.java"

startProcessing "cr0s/warpdrive/config/structures/Orb.java" md5: a1bdd61987a89716eed2f0d27284df7c
endProcessing "cr0s/warpdrive/config/structures/Orb.java"

startProcessing "cr0s/warpdrive/config/structures/OrbInstance.java" md5: 08a732298d07464c416d19260663656f
endProcessing "cr0s/warpdrive/config/structures/OrbInstance.java"

startProcessing "cr0s/warpdrive/config/structures/Schematic.java" md5: a50b8e5f68dc1c95b0f20aebb5af3715
endProcessing "cr0s/warpdrive/config/structures/Schematic.java"

startProcessing "cr0s/warpdrive/config/structures/SchematicInstance.java" md5: be986f93ccfbc76f7f6caa1783d4e7ba
endProcessing "cr0s/warpdrive/config/structures/SchematicInstance.java"

startProcessing "cr0s/warpdrive/config/structures/Star.java" md5: 15cc0ab11fdafec1b2edfa448dea51e0
endProcessing "cr0s/warpdrive/config/structures/Star.java"

startProcessing "cr0s/warpdrive/config/structures/StructureGroup.java" md5: fc2420ac16432d4b07af18573fd7eea6
endProcessing "cr0s/warpdrive/config/structures/StructureGroup.java"

startProcessing "cr0s/warpdrive/config/structures/StructureManager.java" md5: 8a5b0aed3c10d20e9e93aa2606916e14
endProcessing "cr0s/warpdrive/config/structures/StructureManager.java"

startProcessing "cr0s/warpdrive/config/structures/StructureReference.java" md5: 42ed7424cbc04069d543eda9dcdd4965
endProcessing "cr0s/warpdrive/config/structures/StructureReference.java"

startProcessing "cr0s/warpdrive/core/ClassTransformer.java" md5: 73280ca8d90f97481bfa2fdacf1b9e62
endProcessing "cr0s/warpdrive/core/ClassTransformer.java"

startProcessing "cr0s/warpdrive/core/FMLLoadingPlugin.java" md5: 995909c1840f589a04efb5491eeeebe7
endProcessing "cr0s/warpdrive/core/FMLLoadingPlugin.java"

startProcessing "cr0s/warpdrive/core/MyDummyModContainer.java" md5: f7dd34890addc412badaea121d4c9ec6
endProcessing "cr0s/warpdrive/core/MyDummyModContainer.java"

startProcessing "cr0s/warpdrive/damage/DamageAsphyxia.java" md5: a775db00737146887ac01c519789adbb
endProcessing "cr0s/warpdrive/damage/DamageAsphyxia.java"

startProcessing "cr0s/warpdrive/damage/DamageCold.java" md5: 9c0cc676cece3f23c7c693a46465e04d
endProcessing "cr0s/warpdrive/damage/DamageCold.java"

startProcessing "cr0s/warpdrive/damage/DamageIrradiation.java" md5: 62b2e1b21e45600d69f4b10840b574d5
endProcessing "cr0s/warpdrive/damage/DamageIrradiation.java"

startProcessing "cr0s/warpdrive/damage/DamageLaser.java" md5: 573e3b76adf8276659eb416356082b0e
endProcessing "cr0s/warpdrive/damage/DamageLaser.java"

startProcessing "cr0s/warpdrive/damage/DamageShock.java" md5: 4668ab03e4a13c13b0ea6ab94169575a
endProcessing "cr0s/warpdrive/damage/DamageShock.java"

startProcessing "cr0s/warpdrive/damage/DamageTeleportation.java" md5: ee24a4e2d1a8070b29c5a39d9e2640cb
endProcessing "cr0s/warpdrive/damage/DamageTeleportation.java"

startProcessing "cr0s/warpdrive/damage/DamageWarm.java" md5: 0e2199e4a0e23b10117f070c52d85cfc
endProcessing "cr0s/warpdrive/damage/DamageWarm.java"

startProcessing "cr0s/warpdrive/data/AcceleratorControlParameter.java" md5: 51cb7c0b9319e1735289f9a38a5355f0
endProcessing "cr0s/warpdrive/data/AcceleratorControlParameter.java"

startProcessing "cr0s/warpdrive/data/AcceleratorSetup.java" md5: 61edbb5f0f7581e97ff263d977252c2d
endProcessing "cr0s/warpdrive/data/AcceleratorSetup.java"

startProcessing "cr0s/warpdrive/data/AirSpreader.java" md5: 7c540ba3a15439354b78561c1560269f
endProcessing "cr0s/warpdrive/data/AirSpreader.java"

startProcessing "cr0s/warpdrive/data/BlockProperties.java" md5: d8cc4e863760883ab6b35f3983e2c0e4
endProcessing "cr0s/warpdrive/data/BlockProperties.java"

startProcessing "cr0s/warpdrive/data/BlockStatePos.java" md5: 73d0badf8d48033db605bbbe28bfff15
endProcessing "cr0s/warpdrive/data/BlockStatePos.java"

startProcessing "cr0s/warpdrive/data/CameraRegistryItem.java" md5: 5dc4d66fbe497256c15c426968a50c00
endProcessing "cr0s/warpdrive/data/CameraRegistryItem.java"

startProcessing "cr0s/warpdrive/data/CamerasRegistry.java" md5: cfe8d7bcc7c3bb0bfefa0b7169213dbe
endProcessing "cr0s/warpdrive/data/CamerasRegistry.java"

startProcessing "cr0s/warpdrive/data/CelestialBorder.java" md5: 35f5c69328c3d6af7131bf63604a6254
endProcessing "cr0s/warpdrive/data/CelestialBorder.java"

startProcessing "cr0s/warpdrive/data/CelestialObject.java" md5: 01073a169f2da614739e3666d63f0edf
endProcessing "cr0s/warpdrive/data/CelestialObject.java"

startProcessing "cr0s/warpdrive/data/CelestialObjectManager.java" md5: fa66b6cf2aab99df0e2e2af6176c0d3d
    Compile Error! Pb(1102) At least one of the problems in category 'unused' is not analysed due to a compiler option being ignored
endProcessing "cr0s/warpdrive/data/CelestialObjectManager.java"

startProcessing "cr0s/warpdrive/data/ChunkData.java" md5: f79816329966fff0e0cc6f4a2cca9e9d
    Compile Error! Pb(1102) At least one of the problems in category 'unused' is not analysed due to a compiler option being ignored
endProcessing "cr0s/warpdrive/data/ChunkData.java"

startProcessing "cr0s/warpdrive/data/CloakManager.java" md5: ad8ad98ade999c75c06ef39f4640c184
    Compile Error! Pb(1102) At least one of the problems in category 'unused' is not analysed due to a compiler option being ignored
    Compile Error! Pb(1102) At least one of the problems in category 'unused' is not analysed due to a compiler option being ignored
endProcessing "cr0s/warpdrive/data/CloakManager.java"

startProcessing "cr0s/warpdrive/data/CloakedArea.java" md5: 6b7817cd3bc8a974f6c628a7244839f8
endProcessing "cr0s/warpdrive/data/CloakedArea.java"

startProcessing "cr0s/warpdrive/data/DataOutputLength.java" md5: bb85e6d18f8908b85d379150eb68474c
endProcessing "cr0s/warpdrive/data/DataOutputLength.java"

startProcessing "cr0s/warpdrive/data/EnergyWrapper.java" md5: c499279aaae8e25ddf882310d1831539
endProcessing "cr0s/warpdrive/data/EnergyWrapper.java"

startProcessing "cr0s/warpdrive/data/EntityFXRegistry.java" md5: f644782445ac44406ac9ccd6a4b9419a
endProcessing "cr0s/warpdrive/data/EntityFXRegistry.java"

startProcessing "cr0s/warpdrive/data/EnumAirTankTier.java" md5: 9d9627401d7af44ff5f675dd95238547
endProcessing "cr0s/warpdrive/data/EnumAirTankTier.java"

startProcessing "cr0s/warpdrive/data/EnumCameraType.java" md5: 942375927e1fffcb8a78aa78180617b5
endProcessing "cr0s/warpdrive/data/EnumCameraType.java"

startProcessing "cr0s/warpdrive/data/EnumComponentType.java" md5: 720ee846bd5dbaf834305e5e307376cc
endProcessing "cr0s/warpdrive/data/EnumComponentType.java"

startProcessing "cr0s/warpdrive/data/EnumDecorativeType.java" md5: aec94c284fe52f3cd8ff5f749a76766b
endProcessing "cr0s/warpdrive/data/EnumDecorativeType.java"

startProcessing "cr0s/warpdrive/data/EnumDisabledInputOutput.java" md5: 2d3e0f9a964604d8ff3d45df5b5a2550
endProcessing "cr0s/warpdrive/data/EnumDisabledInputOutput.java"

startProcessing "cr0s/warpdrive/data/EnumDisplayAlignment.java" md5: 5b177bcb5c14fbfb971655aba8004700
endProcessing "cr0s/warpdrive/data/EnumDisplayAlignment.java"

startProcessing "cr0s/warpdrive/data/EnumForceFieldShape.java" md5: 3c12b086f748e98d2e23bb8a53c3541f
endProcessing "cr0s/warpdrive/data/EnumForceFieldShape.java"

startProcessing "cr0s/warpdrive/data/EnumForceFieldState.java" md5: 47228a92e74e7184a348cc61c29ba5b6
endProcessing "cr0s/warpdrive/data/EnumForceFieldState.java"

startProcessing "cr0s/warpdrive/data/EnumForceFieldUpgrade.java" md5: d0d6be271c25562f4cd1eab9651e8f7f
endProcessing "cr0s/warpdrive/data/EnumForceFieldUpgrade.java"

startProcessing "cr0s/warpdrive/data/EnumGasColor.java" md5: f387b62c7aa8acdcfca7b41871f74513
endProcessing "cr0s/warpdrive/data/EnumGasColor.java"

startProcessing "cr0s/warpdrive/data/EnumGlobalRegionType.java" md5: b5282500327bf09fd78894618f76606b
endProcessing "cr0s/warpdrive/data/EnumGlobalRegionType.java"

startProcessing "cr0s/warpdrive/data/EnumHullPlainType.java" md5: 176aa8d5292dba1ee289e888b8fd670d
endProcessing "cr0s/warpdrive/data/EnumHullPlainType.java"

startProcessing "cr0s/warpdrive/data/EnumJumpSequencerState.java" md5: 5f9f062e02561655a500e35d3d358598
endProcessing "cr0s/warpdrive/data/EnumJumpSequencerState.java"

startProcessing "cr0s/warpdrive/data/EnumLaserTreeFarmMode.java" md5: 917dea00bbfa377a901d3f3be2c41cda
endProcessing "cr0s/warpdrive/data/EnumLaserTreeFarmMode.java"

startProcessing "cr0s/warpdrive/data/EnumLiftMode.java" md5: a5d3da63365d7ee46103b385019b9cd9
endProcessing "cr0s/warpdrive/data/EnumLiftMode.java"

startProcessing "cr0s/warpdrive/data/EnumMiningLaserMode.java" md5: 1479ab1fcb4978ef36eab6d005b524b5
endProcessing "cr0s/warpdrive/data/EnumMiningLaserMode.java"

startProcessing "cr0s/warpdrive/data/EnumPermissionNode.java" md5: 122fb7baeed52fcfa48f52fadb96d38a
endProcessing "cr0s/warpdrive/data/EnumPermissionNode.java"

startProcessing "cr0s/warpdrive/data/EnumRadarMode.java" md5: 267ce9bea9231fc5c942ea89280df27e
endProcessing "cr0s/warpdrive/data/EnumRadarMode.java"

startProcessing "cr0s/warpdrive/data/EnumReactorOutputMode.java" md5: a64b731ec2787ac7dd70ecef4cc27699
endProcessing "cr0s/warpdrive/data/EnumReactorOutputMode.java"

startProcessing "cr0s/warpdrive/data/EnumShipCommand.java" md5: 43e548ccfdc97091b143b3a3621329ab
endProcessing "cr0s/warpdrive/data/EnumShipCommand.java"

startProcessing "cr0s/warpdrive/data/EnumShipCoreState.java" md5: e96eee21a9a19d9fc3094fa60458f614
endProcessing "cr0s/warpdrive/data/EnumShipCoreState.java"

startProcessing "cr0s/warpdrive/data/EnumShipMovementType.java" md5: 3b0304a799dd2745cdf759bba5006352
endProcessing "cr0s/warpdrive/data/EnumShipMovementType.java"

startProcessing "cr0s/warpdrive/data/EnumShipScannerState.java" md5: abd3ee71527bf57219a78b9886b3994f
endProcessing "cr0s/warpdrive/data/EnumShipScannerState.java"

startProcessing "cr0s/warpdrive/data/EnumSirenType.java" md5: 454cae0c60c4f5df5f5d77100b0ea331
endProcessing "cr0s/warpdrive/data/EnumSirenType.java"

startProcessing "cr0s/warpdrive/data/EnumStickerType.java" md5: 90a3304e1ea44ba3a01720c36d1a988a
endProcessing "cr0s/warpdrive/data/EnumStickerType.java"

startProcessing "cr0s/warpdrive/data/EnumStructureGroup.java" md5: 488bf62069112e25b7370c540f81b4ed
endProcessing "cr0s/warpdrive/data/EnumStructureGroup.java"

startProcessing "cr0s/warpdrive/data/EnumTaskResult.java" md5: 03a217f05ee9478097b2543bea628b63
endProcessing "cr0s/warpdrive/data/EnumTaskResult.java"

startProcessing "cr0s/warpdrive/data/EnumTier.java" md5: efe937f55dc6f59a962138a73cd1ee82
endProcessing "cr0s/warpdrive/data/EnumTier.java"

startProcessing "cr0s/warpdrive/data/EnumTooltipCondition.java" md5: 6d55be56653f603fc02190cb00395e45
endProcessing "cr0s/warpdrive/data/EnumTooltipCondition.java"

startProcessing "cr0s/warpdrive/data/EnumTransporterState.java" md5: a2150f5ff4583cdae4dacc4db39e477b
endProcessing "cr0s/warpdrive/data/EnumTransporterState.java"

startProcessing "cr0s/warpdrive/data/ExtendedProperties.java" md5: e44e45320eab8ce4871dd61b31b05d75
endProcessing "cr0s/warpdrive/data/ExtendedProperties.java"

startProcessing "cr0s/warpdrive/data/FluidWrapper.java" md5: 6d997311277e043007d9fbfbe2a87d16
endProcessing "cr0s/warpdrive/data/FluidWrapper.java"

startProcessing "cr0s/warpdrive/data/ForceFieldRegistry.java" md5: b878a246e0b7a4c25cfbe5055cc85710
    Compile Error! Pb(1201) Unlikely argument type for equals(): IBeamFrequency seems to be unrelated to GlobalPosition
    Compile Error! Pb(1201) Unlikely argument type for equals(): IBeamFrequency seems to be unrelated to GlobalPosition
endProcessing "cr0s/warpdrive/data/ForceFieldRegistry.java"

startProcessing "cr0s/warpdrive/data/ForceFieldSetup.java" md5: 450a7ac7c735c96bd543bd8ccc82d5fa
endProcessing "cr0s/warpdrive/data/ForceFieldSetup.java"

startProcessing "cr0s/warpdrive/data/GlobalPosition.java" md5: 4c75697246fc7c85d4b0871316ee4495
endProcessing "cr0s/warpdrive/data/GlobalPosition.java"

startProcessing "cr0s/warpdrive/data/GlobalRegion.java" md5: d4df494fd81a31b0774c1a2c4415ba89
endProcessing "cr0s/warpdrive/data/GlobalRegion.java"

startProcessing "cr0s/warpdrive/data/GlobalRegionManager.java" md5: 0f0f2f0647c6bd4866c84841cc7e1616
endProcessing "cr0s/warpdrive/data/GlobalRegionManager.java"

startProcessing "cr0s/warpdrive/data/GravityManager.java" md5: a470cc3023a18f16b5a0a7db89e849a5
    Compile Error! Pb(1102) At least one of the problems in category 'unused' is not analysed due to a compiler option being ignored
    Compile Error! Pb(1102) At least one of the problems in category 'unused' is not analysed due to a compiler option being ignored
    Compile Error! Pb(1102) At least one of the problems in category 'unused' is not analysed due to a compiler option being ignored
    Compile Error! Pb(1102) At least one of the problems in category 'unused' is not analysed due to a compiler option being ignored
    Compile Error! Pb(1102) At least one of the problems in category 'unused' is not analysed due to a compiler option being ignored
    Compile Error! Pb(1102) At least one of the problems in category 'unused' is not analysed due to a compiler option being ignored
endProcessing "cr0s/warpdrive/data/GravityManager.java"

startProcessing "cr0s/warpdrive/data/InventoryWrapper.java" md5: e08b1a6f4a40061a0067d4c66a8eda7d
endProcessing "cr0s/warpdrive/data/InventoryWrapper.java"

startProcessing "cr0s/warpdrive/data/JumpBlock.java" md5: 25ba1b069fbb04e17e4e83e24bea8bb6
endProcessing "cr0s/warpdrive/data/JumpBlock.java"

startProcessing "cr0s/warpdrive/data/JumpShip.java" md5: 03d29852f526820fa135f9e05919ef52
endProcessing "cr0s/warpdrive/data/JumpShip.java"

startProcessing "cr0s/warpdrive/data/MovingEntity.java" md5: b7f5c0e64bc3787dc7d38d0a91dfefba
endProcessing "cr0s/warpdrive/data/MovingEntity.java"

startProcessing "cr0s/warpdrive/data/OfflineAvatarManager.java" md5: 063eaf865c56f0fbb368928ea05f8d23
endProcessing "cr0s/warpdrive/data/OfflineAvatarManager.java"

startProcessing "cr0s/warpdrive/data/ParticleBunch.java" md5: 361031b1d6d934efd109a86583f34bd2
endProcessing "cr0s/warpdrive/data/ParticleBunch.java"

startProcessing "cr0s/warpdrive/data/RadarEcho.java" md5: 06b8485847558be6a3eb7511121d4286
endProcessing "cr0s/warpdrive/data/RadarEcho.java"

startProcessing "cr0s/warpdrive/data/ReactorFace.java" md5: b1f8a6892f94dfe4128a43b295639dd3
endProcessing "cr0s/warpdrive/data/ReactorFace.java"

startProcessing "cr0s/warpdrive/data/SoundEvents.java" md5: b261193ef091a8df889dd94b1aa2425b
endProcessing "cr0s/warpdrive/data/SoundEvents.java"

startProcessing "cr0s/warpdrive/data/StateAir.java" md5: bb68247f5c8ea432776c32ac2e36b36b
endProcessing "cr0s/warpdrive/data/StateAir.java"

startProcessing "cr0s/warpdrive/data/TrajectoryPoint.java" md5: 397d9a1fceb64a406a534fc242b59efa
endProcessing "cr0s/warpdrive/data/TrajectoryPoint.java"

startProcessing "cr0s/warpdrive/data/Transformation.java" md5: 9c7195450c69589f2e8d08ba53926dbc
endProcessing "cr0s/warpdrive/data/Transformation.java"

startProcessing "cr0s/warpdrive/data/UnlistedPropertyBlockState.java" md5: ec93fd119f825a6ae4c6d95d598e3b17
endProcessing "cr0s/warpdrive/data/UnlistedPropertyBlockState.java"

startProcessing "cr0s/warpdrive/data/Vector3.java" md5: ffa603dd39501d88b47666ca7182e5b4
endProcessing "cr0s/warpdrive/data/Vector3.java"

startProcessing "cr0s/warpdrive/data/VectorI.java" md5: 5d30fe8f7340fc4dd4ad8e551e905707
endProcessing "cr0s/warpdrive/data/VectorI.java"

startProcessing "cr0s/warpdrive/entity/EntityLaserExploder.java" md5: 67dfb16fdc816d433a46ac70bf0da384
endProcessing "cr0s/warpdrive/entity/EntityLaserExploder.java"

startProcessing "cr0s/warpdrive/entity/EntityNPC.java" md5: cff7ecc27d9eff531f2eaab2fe885909
endProcessing "cr0s/warpdrive/entity/EntityNPC.java"

startProcessing "cr0s/warpdrive/entity/EntityOfflineAvatar.java" md5: 2b2033fed11cabed2a24bd51e4f28e9c
endProcessing "cr0s/warpdrive/entity/EntityOfflineAvatar.java"

startProcessing "cr0s/warpdrive/entity/EntityParticleBunch.java" md5: a17a65d1f5e2a50e3ac7095285113544
endProcessing "cr0s/warpdrive/entity/EntityParticleBunch.java"

startProcessing "cr0s/warpdrive/entity/EntitySeat.java" md5: a7770f2a9458a490c79863426b7afbe6
endProcessing "cr0s/warpdrive/entity/EntitySeat.java"

startProcessing "cr0s/warpdrive/event/AbstractSequencer.java" md5: 9ed53142e1fd9a3fe4cb049ce952bd55
endProcessing "cr0s/warpdrive/event/AbstractSequencer.java"

startProcessing "cr0s/warpdrive/event/ChatHandler.java" md5: bcdc68f617da1358532833ea43228c92
endProcessing "cr0s/warpdrive/event/ChatHandler.java"

startProcessing "cr0s/warpdrive/event/ChunkHandler.java" md5: 2bb3e5944ed6287d9d85fb84398a6ba3
endProcessing "cr0s/warpdrive/event/ChunkHandler.java"

startProcessing "cr0s/warpdrive/event/ChunkLoadingHandler.java" md5: 3ffd5f5640b49a0123de43e0543b77e4
endProcessing "cr0s/warpdrive/event/ChunkLoadingHandler.java"

startProcessing "cr0s/warpdrive/event/ClientHandler.java" md5: 0ab9458b429c4ad7f9644eb1a32eedf1
endProcessing "cr0s/warpdrive/event/ClientHandler.java"

startProcessing "cr0s/warpdrive/event/CommonWorldGenerator.java" md5: f122cada42550727675b20aa123412f8
endProcessing "cr0s/warpdrive/event/CommonWorldGenerator.java"

startProcessing "cr0s/warpdrive/event/DeploySequencer.java" md5: 6f907988fec32e1123ab3c0d61b106a9
endProcessing "cr0s/warpdrive/event/DeploySequencer.java"

startProcessing "cr0s/warpdrive/event/EMPReceiver.java" md5: 38a0395dc1771f32f24a44ea0c929cd9
endProcessing "cr0s/warpdrive/event/EMPReceiver.java"

startProcessing "cr0s/warpdrive/event/ItemHandler.java" md5: 6c511766020a6dcf8ef85cde8f62281d
endProcessing "cr0s/warpdrive/event/ItemHandler.java"

startProcessing "cr0s/warpdrive/event/JumpSequencer.java" md5: 1be8389600d75de978dbeb3a4b9b84a1
endProcessing "cr0s/warpdrive/event/JumpSequencer.java"

startProcessing "cr0s/warpdrive/event/LivingHandler.java" md5: 71be0e1c25352ba7a7ed7d8d3ca5e19f
endProcessing "cr0s/warpdrive/event/LivingHandler.java"

startProcessing "cr0s/warpdrive/event/ModelBakeEventHandler.java" md5: c2d90f01ddbaca23bc8d31fa366aab9e
endProcessing "cr0s/warpdrive/event/ModelBakeEventHandler.java"

startProcessing "cr0s/warpdrive/event/PlayerHandler.java" md5: 058a8708f3df67bdd598b6e76163fa1b
endProcessing "cr0s/warpdrive/event/PlayerHandler.java"

startProcessing "cr0s/warpdrive/event/TooltipHandler.java" md5: 6a898f59b6a56a8897e05aecc8e86827
endProcessing "cr0s/warpdrive/event/TooltipHandler.java"

startProcessing "cr0s/warpdrive/event/WorldHandler.java" md5: 5984612b22b091fe3b6161a6511573ee
endProcessing "cr0s/warpdrive/event/WorldHandler.java"

startProcessing "cr0s/warpdrive/item/ItemAbstractBase.java" md5: 02941b2d2321a96b19f75bc4d805af8a
endProcessing "cr0s/warpdrive/item/ItemAbstractBase.java"

startProcessing "cr0s/warpdrive/item/ItemAirTank.java" md5: a5a928af1bb69b6f31245a23435afb26
endProcessing "cr0s/warpdrive/item/ItemAirTank.java"

startProcessing "cr0s/warpdrive/item/ItemComponent.java" md5: e0f85cfa9f242c5592d3f84f653880f9
endProcessing "cr0s/warpdrive/item/ItemComponent.java"

startProcessing "cr0s/warpdrive/item/ItemElectromagneticCell.java" md5: 421a87d74021ea7ef1473584bcf22a30
endProcessing "cr0s/warpdrive/item/ItemElectromagneticCell.java"

startProcessing "cr0s/warpdrive/item/ItemForceFieldShape.java" md5: 53c81d81d10d2de990ab29f596a34775
endProcessing "cr0s/warpdrive/item/ItemForceFieldShape.java"

startProcessing "cr0s/warpdrive/item/ItemForceFieldUpgrade.java" md5: b5300d36c255fcf0c7a61b3bbda1078a
endProcessing "cr0s/warpdrive/item/ItemForceFieldUpgrade.java"

startProcessing "cr0s/warpdrive/item/ItemIC2reactorLaserFocus.java" md5: 37e8b06af179ad44a83c7ed4c06de821
endProcessing "cr0s/warpdrive/item/ItemIC2reactorLaserFocus.java"

startProcessing "cr0s/warpdrive/item/ItemPlasmaTorch.java" md5: cefebf63e36c4e326273c703506bd8dc
endProcessing "cr0s/warpdrive/item/ItemPlasmaTorch.java"

startProcessing "cr0s/warpdrive/item/ItemShipToken.java" md5: 9036fba5e508caafda2e71fd0743d7ad
endProcessing "cr0s/warpdrive/item/ItemShipToken.java"

startProcessing "cr0s/warpdrive/item/ItemTuningDriver.java" md5: 26ad34f41baeb91f13a6978ecf4b35e8
endProcessing "cr0s/warpdrive/item/ItemTuningDriver.java"

startProcessing "cr0s/warpdrive/item/ItemTuningFork.java" md5: f165496d6de671246810c1469e6894bb
endProcessing "cr0s/warpdrive/item/ItemTuningFork.java"

startProcessing "cr0s/warpdrive/item/ItemWarpArmor.java" md5: 1f0bad05a387eaf450846ef1401a736b
endProcessing "cr0s/warpdrive/item/ItemWarpArmor.java"

startProcessing "cr0s/warpdrive/item/ItemWrench.java" md5: efe330e087943f1b32398851d54ec3ee
endProcessing "cr0s/warpdrive/item/ItemWrench.java"

startProcessing "cr0s/warpdrive/network/MessageBeamEffect.java" md5: 98cdd551b9f27fa6fffd67b585bd5d61
    Compile Error! Pb(1102) At least one of the problems in category 'unused' is not analysed due to a compiler option being ignored
endProcessing "cr0s/warpdrive/network/MessageBeamEffect.java"

startProcessing "cr0s/warpdrive/network/MessageClientSync.java" md5: 48421b3a5fcb0b93545e23a888c2a2c0
    Compile Error! Pb(1102) At least one of the problems in category 'unused' is not analysed due to a compiler option being ignored
endProcessing "cr0s/warpdrive/network/MessageClientSync.java"

startProcessing "cr0s/warpdrive/network/MessageClientUnseating.java" md5: a5fcf0f2b9a7df3e232c3b7567639e00
    Compile Error! Pb(1102) At least one of the problems in category 'unused' is not analysed due to a compiler option being ignored
endProcessing "cr0s/warpdrive/network/MessageClientUnseating.java"

startProcessing "cr0s/warpdrive/network/MessageClientValidation.java" md5: f40d3c6e13fb1fafc556e7546d568659
    Compile Error! Pb(1102) At least one of the problems in category 'unused' is not analysed due to a compiler option being ignored
endProcessing "cr0s/warpdrive/network/MessageClientValidation.java"

startProcessing "cr0s/warpdrive/network/MessageCloak.java" md5: 743c8fe4a04b3ae13b1b675cd198f6e3
    Compile Error! Pb(1102) At least one of the problems in category 'unused' is not analysed due to a compiler option being ignored
endProcessing "cr0s/warpdrive/network/MessageCloak.java"

startProcessing "cr0s/warpdrive/network/MessageSpawnParticle.java" md5: ceb4e42a33fad24e5357c325a57ee2d7
    Compile Error! Pb(1102) At least one of the problems in category 'unused' is not analysed due to a compiler option being ignored
endProcessing "cr0s/warpdrive/network/MessageSpawnParticle.java"

startProcessing "cr0s/warpdrive/network/MessageTargeting.java" md5: b86defac5ab762c0cb8aec4b62e89e10
    Compile Error! Pb(1102) At least one of the problems in category 'unused' is not analysed due to a compiler option being ignored
endProcessing "cr0s/warpdrive/network/MessageTargeting.java"

startProcessing "cr0s/warpdrive/network/MessageTransporterEffect.java" md5: 549723e455bd9afacb9667e7d588a864
    Compile Error! Pb(1102) At least one of the problems in category 'unused' is not analysed due to a compiler option being ignored
endProcessing "cr0s/warpdrive/network/MessageTransporterEffect.java"

startProcessing "cr0s/warpdrive/network/MessageVideoChannel.java" md5: be560041bcadfdc48e74de8588cfc39e
    Compile Error! Pb(1102) At least one of the problems in category 'unused' is not analysed due to a compiler option being ignored
endProcessing "cr0s/warpdrive/network/MessageVideoChannel.java"

startProcessing "cr0s/warpdrive/network/PacketHandler.java" md5: 570ccef5444917f5ee92e663b626b4ee
endProcessing "cr0s/warpdrive/network/PacketHandler.java"

startProcessing "cr0s/warpdrive/render/AbstractEntityFX.java" md5: d5f7d64f2bc077eb9df95e97ca9ce200
endProcessing "cr0s/warpdrive/render/AbstractEntityFX.java"

startProcessing "cr0s/warpdrive/render/BakedModelAbstractBase.java" md5: cb8c2bf60965c218c37f35e10c215332
endProcessing "cr0s/warpdrive/render/BakedModelAbstractBase.java"

startProcessing "cr0s/warpdrive/render/BakedModelCamouflage.java" md5: 1aba59cbc4056a959fd7807fd2242fb4
endProcessing "cr0s/warpdrive/render/BakedModelCamouflage.java"

startProcessing "cr0s/warpdrive/render/BakedModelCapacitor.java" md5: c670f317ee5d6305fcb2f3b3742e7328
endProcessing "cr0s/warpdrive/render/BakedModelCapacitor.java"

startProcessing "cr0s/warpdrive/render/BakedModelOmnipanel.java" md5: efb296b8eba4c72edaea26b706e37cb3
endProcessing "cr0s/warpdrive/render/BakedModelOmnipanel.java"

startProcessing "cr0s/warpdrive/render/BakedModelShipScanner.java" md5: 5dbf5809e898be56ad623bf4cafa187b
endProcessing "cr0s/warpdrive/render/BakedModelShipScanner.java"

startProcessing "cr0s/warpdrive/render/ClientCameraHandler.java" md5: 50a384431870a5483c96b36701a880ee
endProcessing "cr0s/warpdrive/render/ClientCameraHandler.java"

startProcessing "cr0s/warpdrive/render/CustomModelLoaderProjector.java" md5: 1ad8dcef8f90cc4a08211e5c437cd956
endProcessing "cr0s/warpdrive/render/CustomModelLoaderProjector.java"

startProcessing "cr0s/warpdrive/render/EntityCamera.java" md5: a22f48bfa451d959c0ff8bb90540f456
endProcessing "cr0s/warpdrive/render/EntityCamera.java"

startProcessing "cr0s/warpdrive/render/EntityFXBeam.java" md5: 6247d7653939d1d61bffca0ea7819417
endProcessing "cr0s/warpdrive/render/EntityFXBeam.java"

startProcessing "cr0s/warpdrive/render/EntityFXBoundingBox.java" md5: 342c8a0b6d5aa1eaa3583e3889eef868
endProcessing "cr0s/warpdrive/render/EntityFXBoundingBox.java"

startProcessing "cr0s/warpdrive/render/EntityFXDot.java" md5: 05cbbd7e01a576c6cccc135fed835792
endProcessing "cr0s/warpdrive/render/EntityFXDot.java"

startProcessing "cr0s/warpdrive/render/EntityFXEnergizing.java" md5: d6f367546ed19cb28e67aecce48e61eb
endProcessing "cr0s/warpdrive/render/EntityFXEnergizing.java"

startProcessing "cr0s/warpdrive/render/RenderBlank.java" md5: f7e910859c042c7541e004ecde4e6b4f
endProcessing "cr0s/warpdrive/render/RenderBlank.java"

startProcessing "cr0s/warpdrive/render/RenderCommons.java" md5: 06f2995556f051515da9b6f5a04ea496
endProcessing "cr0s/warpdrive/render/RenderCommons.java"

startProcessing "cr0s/warpdrive/render/RenderEntityNPC.java" md5: 7577ab548f9e9fff8816f70a52e639df
endProcessing "cr0s/warpdrive/render/RenderEntityNPC.java"

startProcessing "cr0s/warpdrive/render/RenderEntityOfflineAvatar.java" md5: c95946a58a821a26142b87486719fbb7
endProcessing "cr0s/warpdrive/render/RenderEntityOfflineAvatar.java"

startProcessing "cr0s/warpdrive/render/RenderEntityParticleBunch.java" md5: c1ee00988b845a1dc5487f37edaabd27
endProcessing "cr0s/warpdrive/render/RenderEntityParticleBunch.java"

startProcessing "cr0s/warpdrive/render/RenderOverlayAir.java" md5: 6a9046c6b509909bad89379d854ba03f
endProcessing "cr0s/warpdrive/render/RenderOverlayAir.java"

startProcessing "cr0s/warpdrive/render/RenderOverlayCamera.java" md5: d952b501a6b276113cfd01ff3a2af194
endProcessing "cr0s/warpdrive/render/RenderOverlayCamera.java"

startProcessing "cr0s/warpdrive/render/RenderOverlayLocation.java" md5: 82caa05d0f5dfbe707090b95ee3762d7
endProcessing "cr0s/warpdrive/render/RenderOverlayLocation.java"

startProcessing "cr0s/warpdrive/render/RenderSpaceSky.java" md5: 667e095af0a732eb56e4e996e9795d49
endProcessing "cr0s/warpdrive/render/RenderSpaceSky.java"

startProcessing "cr0s/warpdrive/render/TileEntityEnanReactorCoreRenderer.java" md5: 6cce806805c31c367c7823fb82f3bf9b
endProcessing "cr0s/warpdrive/render/TileEntityEnanReactorCoreRenderer.java"

startProcessing "cr0s/warpdrive/render/TileEntityForceFieldProjectorRenderer.java" md5: 9f84e1ac76b18f11545f78200645c6ac
endProcessing "cr0s/warpdrive/render/TileEntityForceFieldProjectorRenderer.java"

startProcessing "cr0s/warpdrive/render/TileEntityShipScannerRenderer.java" md5: 13863aeeae19aee394d4b58f765f562b
endProcessing "cr0s/warpdrive/render/TileEntityShipScannerRenderer.java"

startProcessing "cr0s/warpdrive/world/AbstractWorldProvider.java" md5: 449d2cc7c79e49b5f3cbbf5bcd6dcec9
endProcessing "cr0s/warpdrive/world/AbstractWorldProvider.java"

startProcessing "cr0s/warpdrive/world/BiomeSpace.java" md5: 3c5138ddeb86b143a4c89d84e5f7a420
endProcessing "cr0s/warpdrive/world/BiomeSpace.java"

startProcessing "cr0s/warpdrive/world/EntitySphereGen.java" md5: 54cdd3075f5313fd4ff0eed7d227617a
endProcessing "cr0s/warpdrive/world/EntitySphereGen.java"

startProcessing "cr0s/warpdrive/world/EntityStarCore.java" md5: 5377e991d3d26421d5704a7b7e964b6d
endProcessing "cr0s/warpdrive/world/EntityStarCore.java"

startProcessing "cr0s/warpdrive/world/FakeChunk.java" md5: 0570bdb1e54ff0e8debe1d718e5c1f96
endProcessing "cr0s/warpdrive/world/FakeChunk.java"

startProcessing "cr0s/warpdrive/world/FakeWorld.java" md5: 4451566bf5c277b212680c47a0d32291
endProcessing "cr0s/warpdrive/world/FakeWorld.java"

startProcessing "cr0s/warpdrive/world/FakeWorldProvider.java" md5: 1faa26f51331563f49266def5d29f73c
endProcessing "cr0s/warpdrive/world/FakeWorldProvider.java"

startProcessing "cr0s/warpdrive/world/HyperSpaceChunkProvider.java" md5: 92bb07e5d03e227e4ec893b419745d42
endProcessing "cr0s/warpdrive/world/HyperSpaceChunkProvider.java"

startProcessing "cr0s/warpdrive/world/HyperSpaceWorldProvider.java" md5: 68ab8129e239749f01a7d4a661274850
endProcessing "cr0s/warpdrive/world/HyperSpaceWorldProvider.java"

startProcessing "cr0s/warpdrive/world/JumpgateGenerator.java" md5: ca0c878950627458362b66c2abadb015
endProcessing "cr0s/warpdrive/world/JumpgateGenerator.java"

startProcessing "cr0s/warpdrive/world/SpaceChunkProvider.java" md5: 219c57a47bf583d97ae964b63abd77c8
endProcessing "cr0s/warpdrive/world/SpaceChunkProvider.java"

startProcessing "cr0s/warpdrive/world/SpaceTeleporter.java" md5: 5ca6ef951e975f9f4c98d4a5edb30c76
endProcessing "cr0s/warpdrive/world/SpaceTeleporter.java"

startProcessing "cr0s/warpdrive/world/SpaceWorldProvider.java" md5: 529768165af7dd502f9bf1e07211ddeb
endProcessing "cr0s/warpdrive/world/SpaceWorldProvider.java"

startProcessing "cr0s/warpdrive/world/WorldGenSmallShip.java" md5: 1664e7678896234671f98df294828860
endProcessing "cr0s/warpdrive/world/WorldGenSmallShip.java"

startProcessing "cr0s/warpdrive/world/WorldGenStation.java" md5: 321a0a5a5b6c2c1f7b555ed26b5a049e
endProcessing "cr0s/warpdrive/world/WorldGenStation.java"

startProcessing "cr0s/warpdrive/world/WorldGenStructure.java" md5: 93ed6080bb46b084d2d94af1b74aa269
endProcessing "cr0s/warpdrive/world/WorldGenStructure.java"

